build/app/intermediates/manifest_merge_blame_file/debug/manifest-merger-blame-debug-report.txt
1<?xml version="1.0" encoding="utf-8"?>
2<manifest xmlns:android="http://schemas.android.com/apk/res/android"
3    package="com.example.calculator"
4    android:versionCode="1"
5    android:versionName="0.1.0" >
6
7    <uses-sdk
8        android:minSdkVersion="21"
9        android:targetSdkVersion="34" />
10    <!--
11         The INTERNET permission is required for development. Specifically,
12         the Flutter tool needs it to communicate with the running application
13         to allow setting breakpoints, to provide hot reload, etc.
14    -->
15    <uses-permission android:name="android.permission.INTERNET" />
15-->src\main\AndroidManifest.xml:5:5-66
15-->src\main\AndroidManifest.xml:5:22-64
16    <uses-permission android:name="android.permission.READ_CONTACTS" />
16-->src\main\AndroidManifest.xml:3:5-72
16-->src\main\AndroidManifest.xml:3:22-69
17    <uses-permission android:name="android.permission.WRITE_CONTACTS" />
17-->src\main\AndroidManifest.xml:4:5-73
17-->src\main\AndroidManifest.xml:4:22-70
18    <uses-permission android:name="android.permission.CAMERA" />
18-->src\main\AndroidManifest.xml:6:5-64
18-->src\main\AndroidManifest.xml:6:22-62
19    <uses-permission android:name="android.permission.READ_EXTERNAL_STORAGE" />
19-->src\main\AndroidManifest.xml:7:5-79
19-->src\main\AndroidManifest.xml:7:22-77
20    <uses-permission android:name="android.permission.WRITE_EXTERNAL_STORAGE" />
20-->src\main\AndroidManifest.xml:8:5-80
20-->src\main\AndroidManifest.xml:8:22-78
21
22    <queries>
22-->src\main\AndroidManifest.xml:35:5-40:15
23        <intent>
23-->src\main\AndroidManifest.xml:36:9-39:18
24            <action android:name="android.intent.action.PROCESS_TEXT" />
24-->src\main\AndroidManifest.xml:37:13-72
24-->src\main\AndroidManifest.xml:37:21-70
25
26            <data android:mimeType="text/plain" />
26-->src\main\AndroidManifest.xml:38:13-50
26-->src\main\AndroidManifest.xml:38:19-48
27        </intent>
28        <intent>
28-->[:contacts_service] AndroidManifest.xml:10:9-12:18
29            <action android:name="android.accounts.AccountAuthenticator" />
29-->[:contacts_service] AndroidManifest.xml:11:13-76
29-->[:contacts_service] AndroidManifest.xml:11:21-73
30        </intent> <!-- Allows the app to load an icon corresponding to the custom MIME type. -->
31        <intent>
31-->[:contacts_service] AndroidManifest.xml:14:9-21:18
32            <action android:name="android.intent.action.VIEW" />
32-->[:contacts_service] AndroidManifest.xml:15:13-65
32-->[:contacts_service] AndroidManifest.xml:15:21-62
33
34            <data
34-->src\main\AndroidManifest.xml:38:13-50
35                android:host="com.android.contacts"
36                android:mimeType="vnd.android.cursor.item/*"
36-->src\main\AndroidManifest.xml:38:19-48
37                android:scheme="content" />
38        </intent>
39    </queries>
40
41    <uses-permission android:name="android.permission.ACCESS_NETWORK_STATE" />
41-->[:connectivity_plus] AndroidManifest.xml:9:5-79
41-->[:connectivity_plus] AndroidManifest.xml:9:22-76
42
43    <permission
43-->[androidx.core:core:1.13.1] AndroidManifest.xml:22:5-24:47
44        android:name="com.example.calculator.DYNAMIC_RECEIVER_NOT_EXPORTED_PERMISSION"
44-->[androidx.core:core:1.13.1] AndroidManifest.xml:23:9-81
45        android:protectionLevel="signature" />
45-->[androidx.core:core:1.13.1] AndroidManifest.xml:24:9-44
46
47    <uses-permission android:name="com.example.calculator.DYNAMIC_RECEIVER_NOT_EXPORTED_PERMISSION" />
47-->[androidx.core:core:1.13.1] AndroidManifest.xml:26:5-97
47-->[androidx.core:core:1.13.1] AndroidManifest.xml:26:22-94
48
49    <application
50        android:name="android.app.Application"
51        android:appComponentFactory="androidx.core.app.CoreComponentFactory"
51-->[androidx.core:core:1.13.1] AndroidManifest.xml:28:18-86
52        android:debuggable="true"
53        android:icon="@mipmap/ic_launcher"
54        android:label="calculator" >
55        <activity
56            android:name="com.example.calculator.MainActivity"
57            android:configChanges="orientation|keyboardHidden|keyboard|screenSize|smallestScreenSize|locale|layoutDirection|fontScale|screenLayout|density|uiMode"
58            android:exported="true"
59            android:hardwareAccelerated="true"
60            android:launchMode="singleTop"
61            android:taskAffinity=""
62            android:theme="@style/LaunchTheme"
63            android:windowSoftInputMode="adjustResize" >
64            <meta-data
65                android:name="io.flutter.embedding.android.NormalTheme"
66                android:resource="@style/NormalTheme" />
67
68            <intent-filter>
69                <action android:name="android.intent.action.MAIN" />
70
71                <category android:name="android.intent.category.LAUNCHER" />
72            </intent-filter>
73        </activity>
74
75        <meta-data
76            android:name="flutterEmbedding"
77            android:value="2" />
78
79        <provider
79-->[:image_picker_android] AndroidManifest.xml:11:9-19:20
80            android:name="io.flutter.plugins.imagepicker.ImagePickerFileProvider"
80-->[:image_picker_android] AndroidManifest.xml:12:13-82
81            android:authorities="com.example.calculator.flutter.image_provider"
81-->[:image_picker_android] AndroidManifest.xml:13:13-74
82            android:exported="false"
82-->[:image_picker_android] AndroidManifest.xml:14:13-37
83            android:grantUriPermissions="true" >
83-->[:image_picker_android] AndroidManifest.xml:15:13-47
84            <meta-data
84-->[:image_picker_android] AndroidManifest.xml:16:13-18:75
85                android:name="android.support.FILE_PROVIDER_PATHS"
85-->[:image_picker_android] AndroidManifest.xml:17:17-67
86                android:resource="@xml/flutter_image_picker_file_paths" />
86-->[:image_picker_android] AndroidManifest.xml:18:17-72
87        </provider> <!-- Trigger Google Play services to install the backported photo picker module. -->
88        <service
88-->[:image_picker_android] AndroidManifest.xml:21:9-33:19
89            android:name="com.google.android.gms.metadata.ModuleDependencies"
89-->[:image_picker_android] AndroidManifest.xml:22:13-78
90            android:enabled="false"
90-->[:image_picker_android] AndroidManifest.xml:23:13-36
91            android:exported="false" >
91-->[:image_picker_android] AndroidManifest.xml:24:13-37
92            <intent-filter>
92-->[:image_picker_android] AndroidManifest.xml:26:13-28:29
93                <action android:name="com.google.android.gms.metadata.MODULE_DEPENDENCIES" />
93-->[:image_picker_android] AndroidManifest.xml:27:17-94
93-->[:image_picker_android] AndroidManifest.xml:27:25-91
94            </intent-filter>
95
96            <meta-data
96-->[:image_picker_android] AndroidManifest.xml:30:13-32:36
97                android:name="photopicker_activity:0:required"
97-->[:image_picker_android] AndroidManifest.xml:31:17-63
98                android:value="" />
98-->[:image_picker_android] AndroidManifest.xml:32:17-33
99        </service>
100
101        <uses-library
101-->[androidx.window:window:1.0.0-beta04] AndroidManifest.xml:25:9-27:40
102            android:name="androidx.window.extensions"
102-->[androidx.window:window:1.0.0-beta04] AndroidManifest.xml:26:13-54
103            android:required="false" />
103-->[androidx.window:window:1.0.0-beta04] AndroidManifest.xml:27:13-37
104        <uses-library
104-->[androidx.window:window:1.0.0-beta04] AndroidManifest.xml:28:9-30:40
105            android:name="androidx.window.sidecar"
105-->[androidx.window:window:1.0.0-beta04] AndroidManifest.xml:29:13-51
106            android:required="false" />
106-->[androidx.window:window:1.0.0-beta04] AndroidManifest.xml:30:13-37
107
108        <provider
108-->[androidx.profileinstaller:profileinstaller:1.3.1] AndroidManifest.xml:24:9-32:20
109            android:name="androidx.startup.InitializationProvider"
109-->[androidx.profileinstaller:profileinstaller:1.3.1] AndroidManifest.xml:25:13-67
110            android:authorities="com.example.calculator.androidx-startup"
110-->[androidx.profileinstaller:profileinstaller:1.3.1] AndroidManifest.xml:26:13-68
111            android:exported="false" >
111-->[androidx.profileinstaller:profileinstaller:1.3.1] AndroidManifest.xml:27:13-37
112            <meta-data
112-->[androidx.profileinstaller:profileinstaller:1.3.1] AndroidManifest.xml:29:13-31:52
113                android:name="androidx.profileinstaller.ProfileInstallerInitializer"
113-->[androidx.profileinstaller:profileinstaller:1.3.1] AndroidManifest.xml:30:17-85
114                android:value="androidx.startup" />
114-->[androidx.profileinstaller:profileinstaller:1.3.1] AndroidManifest.xml:31:17-49
115        </provider>
116
117        <receiver
117-->[androidx.profileinstaller:profileinstaller:1.3.1] AndroidManifest.xml:34:9-52:20
118            android:name="androidx.profileinstaller.ProfileInstallReceiver"
118-->[androidx.profileinstaller:profileinstaller:1.3.1] AndroidManifest.xml:35:13-76
119            android:directBootAware="false"
119-->[androidx.profileinstaller:profileinstaller:1.3.1] AndroidManifest.xml:36:13-44
120            android:enabled="true"
120-->[androidx.profileinstaller:profileinstaller:1.3.1] AndroidManifest.xml:37:13-35
121            android:exported="true"
121-->[androidx.profileinstaller:profileinstaller:1.3.1] AndroidManifest.xml:38:13-36
122            android:permission="android.permission.DUMP" >
122-->[androidx.profileinstaller:profileinstaller:1.3.1] AndroidManifest.xml:39:13-57
123            <intent-filter>
123-->[androidx.profileinstaller:profileinstaller:1.3.1] AndroidManifest.xml:40:13-42:29
124                <action android:name="androidx.profileinstaller.action.INSTALL_PROFILE" />
124-->[androidx.profileinstaller:profileinstaller:1.3.1] AndroidManifest.xml:41:17-91
124-->[androidx.profileinstaller:profileinstaller:1.3.1] AndroidManifest.xml:41:25-88
125            </intent-filter>
126            <intent-filter>
126-->[androidx.profileinstaller:profileinstaller:1.3.1] AndroidManifest.xml:43:13-45:29
127                <action android:name="androidx.profileinstaller.action.SKIP_FILE" />
127-->[androidx.profileinstaller:profileinstaller:1.3.1] AndroidManifest.xml:44:17-85
127-->[androidx.profileinstaller:profileinstaller:1.3.1] AndroidManifest.xml:44:25-82
128            </intent-filter>
129            <intent-filter>
129-->[androidx.profileinstaller:profileinstaller:1.3.1] AndroidManifest.xml:46:13-48:29
130                <action android:name="androidx.profileinstaller.action.SAVE_PROFILE" />
130-->[androidx.profileinstaller:profileinstaller:1.3.1] AndroidManifest.xml:47:17-88
130-->[androidx.profileinstaller:profileinstaller:1.3.1] AndroidManifest.xml:47:25-85
131            </intent-filter>
132            <intent-filter>
132-->[androidx.profileinstaller:profileinstaller:1.3.1] AndroidManifest.xml:49:13-51:29
133                <action android:name="androidx.profileinstaller.action.BENCHMARK_OPERATION" />
133-->[androidx.profileinstaller:profileinstaller:1.3.1] AndroidManifest.xml:50:17-95
133-->[androidx.profileinstaller:profileinstaller:1.3.1] AndroidManifest.xml:50:25-92
134            </intent-filter>
135        </receiver>
136    </application>
137
138</manifest>